<?xml version="1.0" encoding="UTF-8"?>
<!-- Generated by org.testng.reporters.JUnitReportReporter -->
<testsuite hostname="DESKTOP-NFJ0132" name="restAssuredBDDLearning.TC06_Basic_Validation" tests="5" failures="0" timestamp="9 Jul 2020 08:51:42 GMT" time="10.548" errors="0">
  <testcase name="testLogresponse" time="0.902" classname="restAssuredBDDLearning.TC06_Basic_Validation"/>
  <testcase name="verifySingleElement" time="1.755" classname="restAssuredBDDLearning.TC06_Basic_Validation"/>
  <testcase name="testStatusCode" time="4.849" classname="restAssuredBDDLearning.TC06_Basic_Validation"/>
  <testcase name="verifyMultipleElement" time="1.705" classname="restAssuredBDDLearning.TC06_Basic_Validation"/>
  <testcase name="passingParamsANDHeaders" time="1.337" classname="restAssuredBDDLearning.TC06_Basic_Validation"/>
</testsuite> <!-- restAssuredBDDLearning.TC06_Basic_Validation -->
