<?xml version="1.0" encoding="UTF-8"?>
<!-- Generated by org.testng.reporters.JUnitReportReporter -->
<testsuite hostname="DESKTOP-NFJ0132" name="serializationANDdeserialization.StudentAPIwithoutSerialization" tests="1" failures="0" timestamp="10 Jul 2020 06:32:48 GMT" time="5.170" errors="0">
  <testcase name="getStudentDetails" time="5.170" classname="serializationANDdeserialization.StudentAPIwithoutSerialization"/>
</testsuite> <!-- serializationANDdeserialization.StudentAPIwithoutSerialization -->
