<?xml version="1.0" encoding="UTF-8"?>
<!-- Generated by org.testng.reporters.JUnitReportReporter -->
<testsuite hostname="DESKTOP-NFJ0132" name="restAssuredBDDLearning.TC01_GET_Request" tests="1" failures="0" timestamp="8 Jul 2020 10:37:45 GMT" time="4.992" errors="0">
  <testcase name="getEmployeeDetails" time="4.992" classname="restAssuredBDDLearning.TC01_GET_Request"/>
</testsuite> <!-- restAssuredBDDLearning.TC01_GET_Request -->
