<?xml version="1.0" encoding="UTF-8"?>
<!-- Generated by org.testng.reporters.JUnitReportReporter -->
<testsuite hostname="DESKTOP-NFJ0132" name="restAssuredBDDLearning.TC03_PUT_Request" tests="1" failures="0" timestamp="9 Jul 2020 05:54:48 GMT" time="12.731" errors="0">
  <testcase name="setPutData" time="12.731" classname="restAssuredBDDLearning.TC03_PUT_Request"/>
</testsuite> <!-- restAssuredBDDLearning.TC03_PUT_Request -->
