<?xml version="1.0" encoding="UTF-8"?>
<!-- Generated by org.testng.reporters.JUnitReportReporter -->
<testsuite hostname="DESKTOP-NFJ0132" name="restAssuredBDDLearning.TC04_DELETE_Request" tests="1" failures="0" timestamp="9 Jul 2020 06:05:13 GMT" time="3.950" errors="0">
  <testcase name="deleteData" time="3.950" classname="restAssuredBDDLearning.TC04_DELETE_Request"/>
</testsuite> <!-- restAssuredBDDLearning.TC04_DELETE_Request -->
