<?xml version="1.0" encoding="UTF-8"?>
<!-- Generated by org.testng.reporters.JUnitReportReporter -->
<testsuite hostname="DESKTOP-NFJ0132" name="restAssuredBDDLearning.TC05_Response_Validation" tests="1" failures="0" timestamp="9 Jul 2020 06:17:03 GMT" time="5.444" errors="0">
  <testcase name="setPostData" time="5.444" classname="restAssuredBDDLearning.TC05_Response_Validation"/>
</testsuite> <!-- restAssuredBDDLearning.TC05_Response_Validation -->
