<?xml version="1.0" encoding="UTF-8"?>
<!-- Generated by org.testng.reporters.JUnitReportReporter -->
<testsuite hostname="DESKTOP-NFJ0132" name="serializationANDdeserialization.StudentAPIwithSerialization" tests="2" failures="0" timestamp="10 Jul 2020 07:05:26 GMT" time="4.667" errors="0">
  <testcase name="getStudentRecordDeserialization" time="0.103" classname="serializationANDdeserialization.StudentAPIwithSerialization"/>
  <testcase name="createNewStudentSerialization" time="4.564" classname="serializationANDdeserialization.StudentAPIwithSerialization"/>
</testsuite> <!-- serializationANDdeserialization.StudentAPIwithSerialization -->
