<?xml version="1.0" encoding="UTF-8"?>
<!-- Generated by org.testng.reporters.JUnitReportReporter -->
<testsuite hostname="DESKTOP-NFJ0132" name="serializationANDdeserialization.VideoGameAPISerialization" tests="2" failures="0" timestamp="10 Jul 2020 12:00:42 GMT" time="3.825" errors="0">
  <testcase name="getVideoGameSerialization" time="0.108" classname="serializationANDdeserialization.VideoGameAPISerialization"/>
  <testcase name="postVideoGameSerialization" time="3.717" classname="serializationANDdeserialization.VideoGameAPISerialization"/>
</testsuite> <!-- serializationANDdeserialization.VideoGameAPISerialization -->
