<?xml version="1.0" encoding="UTF-8"?>
<!-- Generated by org.testng.reporters.JUnitReportReporter -->
<testsuite hostname="DESKTOP-NFJ0132" name="restAssuredBDDLearning.TC02_POST_Request" tests="1" failures="0" timestamp="8 Jul 2020 11:07:39 GMT" time="6.625" errors="0">
  <testcase name="setPostData" time="6.625" classname="restAssuredBDDLearning.TC02_POST_Request"/>
</testsuite> <!-- restAssuredBDDLearning.TC02_POST_Request -->
